<?xml version="1.0" encoding="UTF-8"?>
<!-- Generated by org.testng.reporters.JUnitReportReporter -->
<testsuite hostname="Rishabhs-MacBook-Pro-13.local" name="com.lingoda.test.business.NewTest2" tests="1" failures="0" timestamp="17 Apr 2019 14:09:35 GMT" time="18.512" errors="0">
  <testcase name="testAmazon" time="18.512" classname="com.lingoda.test.business.NewTest2"/>
</testsuite> <!-- com.lingoda.test.business.NewTest2 -->
