<?xml version="1.0" encoding="UTF-8"?>
<!-- Generated by org.testng.reporters.JUnitReportReporter -->
<testsuite hostname="Rishabhs-MacBook-Pro-13.local" name="com.lingoda.test.NewTest" tests="1" failures="0" timestamp="17 Apr 2019 11:27:53 GMT" time="0.010" errors="0">
  <testcase name="f" time="0.010" classname="com.lingoda.test.NewTest"/>
</testsuite> <!-- com.lingoda.test.NewTest -->
